<?xml version="1.0" encoding="UTF-8"?>
<!-- Generated by org.testng.reporters.JUnitReportReporter -->
<testsuite hostname="DESKTOP-F52EDBA" failures="0" tests="1" name="distributedparallel.ThirdTest" time="0.002" errors="0" timestamp="2023-01-26T17:30:46 IST" skipped="0">
  <testcase classname="distributedparallel.ThirdTest" name="thirdTest" time="0.002"/>
  <system-out/>
</testsuite> <!-- distributedparallel.ThirdTest -->
