<?xml version="1.0" encoding="UTF-8"?>
<!-- Generated by org.testng.reporters.JUnitReportReporter -->
<testsuite hostname="DESKTOP-F52EDBA" failures="0" tests="1" name="distributedparallel.FirstTest" time="0.007" errors="0" timestamp="2023-01-26T17:30:46 IST" skipped="0">
  <testcase classname="distributedparallel.FirstTest" name="firstTest" time="0.007"/>
  <system-out/>
</testsuite> <!-- distributedparallel.FirstTest -->
