<?xml version="1.0" encoding="UTF-8"?>
<!-- Generated by org.testng.reporters.JUnitReportReporter -->
<testsuite hostname="DESKTOP-F52EDBA" failures="0" tests="1" name="batchexecution.SecondTest" time="0.001" errors="0" timestamp="2023-01-25T18:01:47 IST" skipped="0">
  <testcase classname="batchexecution.SecondTest" name="secondTest" time="0.001"/>
  <system-out/>
</testsuite> <!-- batchexecution.SecondTest -->
