<?xml version="1.0" encoding="UTF-8"?>
<!-- Generated by org.testng.reporters.JUnitReportReporter -->
<testsuite hostname="DESKTOP-F52EDBA" failures="0" tests="1" name="grid.Practice1" time="8.709" errors="0" timestamp="2023-02-01T18:40:16 IST" skipped="0">
  <testcase classname="grid.Practice1" name="demo" time="8.709"/>
  <system-out/>
</testsuite> <!-- grid.Practice1 -->
