<?xml version="1.0" encoding="UTF-8"?>
<!-- Generated by org.testng.reporters.JUnitReportReporter -->
<testsuite hostname="DESKTOP-F52EDBA" failures="0" tests="1" name="distributedparallel.SixthTest" time="0.004" errors="0" timestamp="2023-01-26T17:30:46 IST" skipped="0">
  <testcase classname="distributedparallel.SixthTest" name="sixthTest" time="0.004"/>
  <system-out/>
</testsuite> <!-- distributedparallel.SixthTest -->
