<?xml version="1.0" encoding="UTF-8"?>
<!-- Generated by org.testng.reporters.JUnitReportReporter -->
<testsuite hostname="DESKTOP-F52EDBA" failures="0" tests="1" name="batchexecution.FirstTest" time="0.003" errors="0" timestamp="2023-01-25T18:01:47 IST" skipped="0">
  <testcase classname="batchexecution.FirstTest" name="firstTest" time="0.003"/>
  <system-out/>
</testsuite> <!-- batchexecution.FirstTest -->
